INFO - 2024-03-30 07:35:37 --> Session: Class initialized using 'CodeIgniter\Session\Handlers\FileHandler' driver.
INFO - 2024-03-30 07:35:55 --> Session: Class initialized using 'CodeIgniter\Session\Handlers\FileHandler' driver.
INFO - 2024-03-30 07:35:58 --> Session: Class initialized using 'CodeIgniter\Session\Handlers\FileHandler' driver.
CRITICAL - 2024-03-30 07:36:00 --> ErrorException: file_get_contents(https://api.telegram.org/bot6972202214:AAFYEgw682HCcH7vHL4AmRjdavUiu96T4S8/sendMessage?text=Apapun+yang+terjadi+Tetap+Tersenyum&amp;chat_id=+-1002131704915): failed to open stream: HTTP request failed! HTTP/1.1 400 Bad Request

in APPPATH\Controllers\Dosen.php on line 60.
 1 [internal function]: CodeIgniter\Debug\Exceptions->errorHandler(2, 'file_get_contents(https://api.telegram.org/bot6972202214:AAFYEgw682HCcH7vHL4AmRjdavUiu96T4S8/sendMessage?text=Apapun+yang+terjadi+Tetap+Tersenyum&amp;chat_id=+-1002131704915): failed to open stream: HTTP request failed! HTTP/1.1 400 Bad Request
', 'C:\\xampp\\htdocs\\ci4\\app\\Controllers\\Dosen.php', 60, [...])
 2 APPPATH\Controllers\Dosen.php(60): file_get_contents('https://api.telegram.org/bot6972202214:AAFYEgw682HCcH7vHL4AmRjdavUiu96T4S8/sendMessage?text=Apapun+yang+terjadi+Tetap+Tersenyum&chat_id=+-1002131704915')
 3 SYSTEMPATH\CodeIgniter.php(941): App\Controllers\Dosen->tambah()
 4 SYSTEMPATH\CodeIgniter.php(502): CodeIgniter\CodeIgniter->runController(Object(App\Controllers\Dosen))
 5 SYSTEMPATH\CodeIgniter.php(361): CodeIgniter\CodeIgniter->handleRequest(null, Object(Config\Cache), false)
 6 FCPATH\index.php(79): CodeIgniter\CodeIgniter->run()
 7 SYSTEMPATH\Commands\Server\rewrite.php(47): require_once('C:\\xampp\\htdocs\\ci4\\public\\index.php')
CRITICAL - 2024-03-30 07:40:11 --> ParseError: syntax error, unexpected end of file, expecting function (T_FUNCTION) or const (T_CONST)
in APPPATH\Controllers\Dosen.php on line 66.
 1 SYSTEMPATH\Autoloader\Autoloader.php(290): CodeIgniter\Autoloader\Autoloader->includeFile('C:\\xampp\\htdocs\\ci4\\app\\Controllers\\Dosen.php')
 2 SYSTEMPATH\Autoloader\Autoloader.php(266): CodeIgniter\Autoloader\Autoloader->loadInNamespace('App\\Controllers\\Dosen')
 3 [internal function]: CodeIgniter\Autoloader\Autoloader->loadClass('App\\Controllers\\Dosen')
 4 [internal function]: spl_autoload_call('App\\Controllers\\Dosen')
 5 SYSTEMPATH\CodeIgniter.php(899): class_exists('\\App\\Controllers\\Dosen', true)
 6 SYSTEMPATH\CodeIgniter.php(489): CodeIgniter\CodeIgniter->startController()
 7 SYSTEMPATH\CodeIgniter.php(361): CodeIgniter\CodeIgniter->handleRequest(null, Object(Config\Cache), false)
 8 FCPATH\index.php(79): CodeIgniter\CodeIgniter->run()
 9 SYSTEMPATH\Commands\Server\rewrite.php(47): require_once('C:\\xampp\\htdocs\\ci4\\public\\index.php')
INFO - 2024-03-30 07:43:35 --> Session: Class initialized using 'CodeIgniter\Session\Handlers\FileHandler' driver.
CRITICAL - 2024-03-30 07:43:37 --> ErrorException: file_get_contents(https://api.telegram.org/bot6972202214:AAFYEgw682HCcH7vHL4AmRjdavUiu96T4S8/sendMessage?text=contoh+pesan+telegram+dari+PHP&amp;chat_id=1002131704915): failed to open stream: HTTP request failed! HTTP/1.1 400 Bad Request

in APPPATH\Controllers\Dosen.php on line 63.
 1 [internal function]: CodeIgniter\Debug\Exceptions->errorHandler(2, 'file_get_contents(https://api.telegram.org/bot6972202214:AAFYEgw682HCcH7vHL4AmRjdavUiu96T4S8/sendMessage?text=contoh+pesan+telegram+dari+PHP&amp;chat_id=1002131704915): failed to open stream: HTTP request failed! HTTP/1.1 400 Bad Request
', 'C:\\xampp\\htdocs\\ci4\\app\\Controllers\\Dosen.php', 63, [...])
 2 APPPATH\Controllers\Dosen.php(63): file_get_contents('https://api.telegram.org/bot6972202214:AAFYEgw682HCcH7vHL4AmRjdavUiu96T4S8/sendMessage?text=contoh+pesan+telegram+dari+PHP&chat_id=1002131704915')
 3 SYSTEMPATH\CodeIgniter.php(941): App\Controllers\Dosen->tambah()
 4 SYSTEMPATH\CodeIgniter.php(502): CodeIgniter\CodeIgniter->runController(Object(App\Controllers\Dosen))
 5 SYSTEMPATH\CodeIgniter.php(361): CodeIgniter\CodeIgniter->handleRequest(null, Object(Config\Cache), false)
 6 FCPATH\index.php(79): CodeIgniter\CodeIgniter->run()
 7 SYSTEMPATH\Commands\Server\rewrite.php(47): require_once('C:\\xampp\\htdocs\\ci4\\public\\index.php')
INFO - 2024-03-30 07:47:33 --> Session: Class initialized using 'CodeIgniter\Session\Handlers\FileHandler' driver.
INFO - 2024-03-30 07:47:36 --> Session: Class initialized using 'CodeIgniter\Session\Handlers\FileHandler' driver.
INFO - 2024-03-30 07:47:52 --> Session: Class initialized using 'CodeIgniter\Session\Handlers\FileHandler' driver.
INFO - 2024-03-30 07:47:57 --> Session: Class initialized using 'CodeIgniter\Session\Handlers\FileHandler' driver.
